2020-11-19 09:59:59,925 [Worker-2: Loading available Gradle versions] INFO  o.e.b.c.i.u.g.PublishedGradleVersions - Gradle version information cache is up-to-date. Trying to read.
2020-11-19 10:00:24,025 [Worker-3: Updating Maven Dependencies] INFO  o.e.m.c.i.l.LifecycleMappingFactory - Using org.eclipse.m2e.jdt.JarLifecycleMapping lifecycle mapping for MavenProject: com.cg:healthassist:0.0.1-SNAPSHOT @ C:\Users\hp\Desktop\Health Assist\HealthAssist_Patient\HealthAssist\pom.xml.
2020-11-19 10:00:24,079 [Worker-2: Building] INFO  o.e.m.c.i.l.LifecycleMappingFactory - Using org.eclipse.m2e.jdt.JarLifecycleMapping lifecycle mapping for MavenProject: com.cg:healthassist:0.0.1-SNAPSHOT @ C:\Users\hp\Desktop\Health Assist\HealthAssist_Patient\HealthAssist\pom.xml.
2020-11-19 10:00:27,238 [Worker-2: Building] INFO  o.e.m.c.i.embedder.EclipseLogger - Using 'UTF-8' encoding to copy filtered resources.
2020-11-19 10:00:27,250 [Worker-2: Building] INFO  o.e.m.c.i.embedder.EclipseLogger - Copying 1 resource
2020-11-19 10:00:27,367 [Worker-2: Building] INFO  o.e.m.c.i.embedder.EclipseLogger - Using 'UTF-8' encoding to copy filtered resources.
2020-11-19 10:00:27,368 [Worker-2: Building] INFO  o.e.m.c.i.embedder.EclipseLogger - skip non existing resourceDirectory C:\Users\hp\Desktop\Health Assist\HealthAssist_Patient\HealthAssist\src\test\resources
2020-11-19 10:00:30,219 [Worker-0: Updating Maven Dependencies] INFO  o.e.m.c.i.l.LifecycleMappingFactory - Using org.eclipse.m2e.jdt.JarLifecycleMapping lifecycle mapping for MavenProject: com.cg:healthassist:0.0.1-SNAPSHOT @ C:\Users\hp\Desktop\Health Assist\HealthAssist_Patient\HealthAssist\pom.xml.
2020-11-19 10:00:30,228 [Worker-6: Building] INFO  o.e.m.c.i.embedder.EclipseLogger - Using 'UTF-8' encoding to copy filtered resources.
2020-11-19 10:00:30,234 [Worker-6: Building] INFO  o.e.m.c.i.embedder.EclipseLogger - Copying 1 resource
2020-11-19 10:00:30,255 [Worker-6: Building] INFO  o.e.m.c.i.embedder.EclipseLogger - Using 'UTF-8' encoding to copy filtered resources.
2020-11-19 10:00:30,256 [Worker-6: Building] INFO  o.e.m.c.i.embedder.EclipseLogger - skip non existing resourceDirectory C:\Users\hp\Desktop\Health Assist\HealthAssist_Patient\HealthAssist\src\test\resources
2020-11-19 10:00:32,178 [Worker-0: Building] INFO  o.e.m.c.i.embedder.EclipseLogger - Using 'UTF-8' encoding to copy filtered resources.
2020-11-19 10:00:32,180 [Worker-0: Building] INFO  o.e.m.c.i.embedder.EclipseLogger - Copying 0 resource
2020-11-19 10:00:32,186 [Worker-0: Building] INFO  o.e.m.c.i.embedder.EclipseLogger - Using 'UTF-8' encoding to copy filtered resources.
2020-11-19 10:00:32,186 [Worker-0: Building] INFO  o.e.m.c.i.embedder.EclipseLogger - skip non existing resourceDirectory C:\Users\hp\Desktop\Health Assist\HealthAssist_Patient\HealthAssist\src\test\resources
2020-11-19 10:15:01,186 [Worker-15: Building] INFO  o.e.m.c.i.embedder.EclipseLogger - Using 'UTF-8' encoding to copy filtered resources.
2020-11-19 10:15:01,187 [Worker-15: Building] INFO  o.e.m.c.i.embedder.EclipseLogger - Copying 1 resource
2020-11-19 10:15:01,188 [Worker-15: Building] INFO  o.e.m.c.i.embedder.EclipseLogger - Using 'UTF-8' encoding to copy filtered resources.
2020-11-19 10:15:01,188 [Worker-15: Building] INFO  o.e.m.c.i.embedder.EclipseLogger - skip non existing resourceDirectory C:\Users\hp\Desktop\Health Assist\HealthAssist_Patient\HealthAssist\src\test\resources
2020-11-19 10:33:34,321 [Worker-45: Building] INFO  o.e.m.c.i.embedder.EclipseLogger - Using 'UTF-8' encoding to copy filtered resources.
2020-11-19 10:33:34,324 [Worker-45: Building] INFO  o.e.m.c.i.embedder.EclipseLogger - Copying 1 resource
2020-11-19 10:33:34,327 [Worker-45: Building] INFO  o.e.m.c.i.embedder.EclipseLogger - Using 'UTF-8' encoding to copy filtered resources.
2020-11-19 10:33:34,327 [Worker-45: Building] INFO  o.e.m.c.i.embedder.EclipseLogger - skip non existing resourceDirectory C:\Users\hp\Desktop\Health Assist\HealthAssist_Patient\HealthAssist\src\test\resources
2020-11-19 10:35:29,944 [Worker-44: Building] INFO  o.e.m.c.i.embedder.EclipseLogger - Using 'UTF-8' encoding to copy filtered resources.
2020-11-19 10:35:29,945 [Worker-44: Building] INFO  o.e.m.c.i.embedder.EclipseLogger - Copying 1 resource
2020-11-19 10:35:29,947 [Worker-44: Building] INFO  o.e.m.c.i.embedder.EclipseLogger - Using 'UTF-8' encoding to copy filtered resources.
2020-11-19 10:35:29,948 [Worker-44: Building] INFO  o.e.m.c.i.embedder.EclipseLogger - skip non existing resourceDirectory C:\Users\hp\Desktop\Health Assist\HealthAssist_Patient\HealthAssist\src\test\resources
2020-11-19 10:42:41,640 [Worker-43: Building] INFO  o.e.m.c.i.embedder.EclipseLogger - Using 'UTF-8' encoding to copy filtered resources.
2020-11-19 10:42:41,642 [Worker-43: Building] INFO  o.e.m.c.i.embedder.EclipseLogger - Copying 1 resource
2020-11-19 10:42:41,644 [Worker-43: Building] INFO  o.e.m.c.i.embedder.EclipseLogger - Using 'UTF-8' encoding to copy filtered resources.
2020-11-19 10:42:41,644 [Worker-43: Building] INFO  o.e.m.c.i.embedder.EclipseLogger - skip non existing resourceDirectory C:\Users\hp\Desktop\Health Assist\HealthAssist_Patient\HealthAssist\src\test\resources
2020-11-19 11:25:33,010 [Worker-75: Building] INFO  o.e.m.c.i.embedder.EclipseLogger - Using 'UTF-8' encoding to copy filtered resources.
2020-11-19 11:25:33,013 [Worker-75: Building] INFO  o.e.m.c.i.embedder.EclipseLogger - Copying 1 resource
2020-11-19 11:25:33,015 [Worker-75: Building] INFO  o.e.m.c.i.embedder.EclipseLogger - Using 'UTF-8' encoding to copy filtered resources.
2020-11-19 11:25:33,016 [Worker-75: Building] INFO  o.e.m.c.i.embedder.EclipseLogger - skip non existing resourceDirectory C:\Users\hp\Desktop\Health Assist\HealthAssist_Patient\HealthAssist\src\test\resources
2020-11-19 12:06:08,260 [Worker-88: Building] INFO  o.e.m.c.i.embedder.EclipseLogger - Using 'UTF-8' encoding to copy filtered resources.
2020-11-19 12:06:08,261 [Worker-88: Building] INFO  o.e.m.c.i.embedder.EclipseLogger - Copying 1 resource
2020-11-19 12:06:08,263 [Worker-88: Building] INFO  o.e.m.c.i.embedder.EclipseLogger - Using 'UTF-8' encoding to copy filtered resources.
2020-11-19 12:06:08,263 [Worker-88: Building] INFO  o.e.m.c.i.embedder.EclipseLogger - skip non existing resourceDirectory C:\Users\hp\Desktop\Health Assist\HealthAssist_Patient\HealthAssist\src\test\resources
2020-11-19 12:25:52,403 [Worker-97: Building] INFO  o.e.m.c.i.embedder.EclipseLogger - Using 'UTF-8' encoding to copy filtered resources.
2020-11-19 12:25:52,405 [Worker-97: Building] INFO  o.e.m.c.i.embedder.EclipseLogger - Copying 1 resource
2020-11-19 12:25:52,407 [Worker-97: Building] INFO  o.e.m.c.i.embedder.EclipseLogger - Using 'UTF-8' encoding to copy filtered resources.
2020-11-19 12:25:52,407 [Worker-97: Building] INFO  o.e.m.c.i.embedder.EclipseLogger - skip non existing resourceDirectory C:\Users\hp\Desktop\Health Assist\HealthAssist_Patient\HealthAssist\src\test\resources
2020-11-19 12:28:52,079 [Worker-102: Building] INFO  o.e.m.c.i.embedder.EclipseLogger - Using 'UTF-8' encoding to copy filtered resources.
2020-11-19 12:28:52,080 [Worker-102: Building] INFO  o.e.m.c.i.embedder.EclipseLogger - Copying 1 resource
2020-11-19 12:28:52,082 [Worker-102: Building] INFO  o.e.m.c.i.embedder.EclipseLogger - Using 'UTF-8' encoding to copy filtered resources.
2020-11-19 12:28:52,082 [Worker-102: Building] INFO  o.e.m.c.i.embedder.EclipseLogger - skip non existing resourceDirectory C:\Users\hp\Desktop\Health Assist\HealthAssist_Patient\HealthAssist\src\test\resources
2020-11-19 13:35:01,079 [Worker-108: Building] INFO  o.e.m.c.i.embedder.EclipseLogger - Using 'UTF-8' encoding to copy filtered resources.
2020-11-19 13:35:01,080 [Worker-108: Building] INFO  o.e.m.c.i.embedder.EclipseLogger - Copying 1 resource
2020-11-19 13:35:01,082 [Worker-108: Building] INFO  o.e.m.c.i.embedder.EclipseLogger - Using 'UTF-8' encoding to copy filtered resources.
2020-11-19 13:35:01,083 [Worker-108: Building] INFO  o.e.m.c.i.embedder.EclipseLogger - skip non existing resourceDirectory C:\Users\hp\Desktop\Health Assist\HealthAssist_Patient\HealthAssist\src\test\resources
2020-11-19 13:35:04,311 [Worker-112: Building] INFO  o.e.m.c.i.embedder.EclipseLogger - Using 'UTF-8' encoding to copy filtered resources.
2020-11-19 13:35:04,313 [Worker-112: Building] INFO  o.e.m.c.i.embedder.EclipseLogger - Copying 1 resource
2020-11-19 13:35:04,314 [Worker-112: Building] INFO  o.e.m.c.i.embedder.EclipseLogger - Using 'UTF-8' encoding to copy filtered resources.
2020-11-19 13:35:04,314 [Worker-112: Building] INFO  o.e.m.c.i.embedder.EclipseLogger - skip non existing resourceDirectory C:\Users\hp\Desktop\Health Assist\HealthAssist_Patient\HealthAssist\src\test\resources
2020-11-19 13:49:47,625 [Worker-123: Building] INFO  o.e.m.c.i.embedder.EclipseLogger - Using 'UTF-8' encoding to copy filtered resources.
2020-11-19 13:49:47,626 [Worker-123: Building] INFO  o.e.m.c.i.embedder.EclipseLogger - Copying 1 resource
2020-11-19 13:49:47,628 [Worker-123: Building] INFO  o.e.m.c.i.embedder.EclipseLogger - Using 'UTF-8' encoding to copy filtered resources.
2020-11-19 13:49:47,628 [Worker-123: Building] INFO  o.e.m.c.i.embedder.EclipseLogger - skip non existing resourceDirectory C:\Users\hp\Desktop\Health Assist\HealthAssist_Patient\HealthAssist\src\test\resources
2020-11-19 14:06:39,513 [Worker-127: Building] INFO  o.e.m.c.i.embedder.EclipseLogger - Using 'UTF-8' encoding to copy filtered resources.
2020-11-19 14:06:39,516 [Worker-127: Building] INFO  o.e.m.c.i.embedder.EclipseLogger - Copying 1 resource
2020-11-19 14:06:39,521 [Worker-127: Building] INFO  o.e.m.c.i.embedder.EclipseLogger - Using 'UTF-8' encoding to copy filtered resources.
2020-11-19 14:06:39,522 [Worker-127: Building] INFO  o.e.m.c.i.embedder.EclipseLogger - skip non existing resourceDirectory C:\Users\hp\Desktop\Health Assist\HealthAssist_Patient\HealthAssist\src\test\resources
2020-11-19 14:12:56,905 [Worker-132: Building] INFO  o.e.m.c.i.embedder.EclipseLogger - Using 'UTF-8' encoding to copy filtered resources.
2020-11-19 14:12:56,906 [Worker-132: Building] INFO  o.e.m.c.i.embedder.EclipseLogger - Copying 1 resource
2020-11-19 14:12:56,908 [Worker-132: Building] INFO  o.e.m.c.i.embedder.EclipseLogger - Using 'UTF-8' encoding to copy filtered resources.
2020-11-19 14:12:56,908 [Worker-132: Building] INFO  o.e.m.c.i.embedder.EclipseLogger - skip non existing resourceDirectory C:\Users\hp\Desktop\Health Assist\HealthAssist_Patient\HealthAssist\src\test\resources
2020-11-19 14:16:25,263 [Worker-133: Building] INFO  o.e.m.c.i.embedder.EclipseLogger - Using 'UTF-8' encoding to copy filtered resources.
2020-11-19 14:16:25,265 [Worker-133: Building] INFO  o.e.m.c.i.embedder.EclipseLogger - Copying 1 resource
2020-11-19 14:16:25,274 [Worker-133: Building] INFO  o.e.m.c.i.embedder.EclipseLogger - Using 'UTF-8' encoding to copy filtered resources.
2020-11-19 14:16:25,275 [Worker-133: Building] INFO  o.e.m.c.i.embedder.EclipseLogger - skip non existing resourceDirectory C:\Users\hp\Desktop\Health Assist\HealthAssist_Patient\HealthAssist\src\test\resources
2020-11-19 14:24:21,053 [Worker-139: Launching AppTest] INFO  o.e.m.c.i.embedder.EclipseLogger - Using 'UTF-8' encoding to copy filtered resources.
2020-11-19 14:24:21,054 [Worker-139: Launching AppTest] INFO  o.e.m.c.i.embedder.EclipseLogger - Copying 0 resource
2020-11-19 14:24:21,056 [Worker-139: Launching AppTest] INFO  o.e.m.c.i.embedder.EclipseLogger - Using 'UTF-8' encoding to copy filtered resources.
2020-11-19 14:24:21,057 [Worker-139: Launching AppTest] INFO  o.e.m.c.i.embedder.EclipseLogger - skip non existing resourceDirectory C:\Users\hp\Desktop\Health Assist\HealthAssist_Patient\HealthAssist\src\test\resources
2020-11-19 14:25:57,007 [Worker-141: Building] INFO  o.e.m.c.i.embedder.EclipseLogger - Using 'UTF-8' encoding to copy filtered resources.
2020-11-19 14:25:57,008 [Worker-141: Building] INFO  o.e.m.c.i.embedder.EclipseLogger - Copying 0 resource
2020-11-19 14:25:57,013 [Worker-141: Building] INFO  o.e.m.c.i.embedder.EclipseLogger - Using 'UTF-8' encoding to copy filtered resources.
2020-11-19 14:25:57,013 [Worker-141: Building] INFO  o.e.m.c.i.embedder.EclipseLogger - skip non existing resourceDirectory C:\Users\hp\Desktop\Health Assist\HealthAssist_Patient\HealthAssist\src\test\resources
2020-11-19 14:26:41,504 [Worker-146: Building] INFO  o.e.m.c.i.embedder.EclipseLogger - Using 'UTF-8' encoding to copy filtered resources.
2020-11-19 14:26:41,505 [Worker-146: Building] INFO  o.e.m.c.i.embedder.EclipseLogger - Copying 0 resource
2020-11-19 14:26:41,506 [Worker-146: Building] INFO  o.e.m.c.i.embedder.EclipseLogger - Using 'UTF-8' encoding to copy filtered resources.
2020-11-19 14:26:41,506 [Worker-146: Building] INFO  o.e.m.c.i.embedder.EclipseLogger - skip non existing resourceDirectory C:\Users\hp\Desktop\Health Assist\HealthAssist_Patient\HealthAssist\src\test\resources
2020-11-19 14:40:37,116 [Worker-154: Building] INFO  o.e.m.c.i.embedder.EclipseLogger - Using 'UTF-8' encoding to copy filtered resources.
2020-11-19 14:40:37,117 [Worker-154: Building] INFO  o.e.m.c.i.embedder.EclipseLogger - Copying 0 resource
2020-11-19 14:40:37,120 [Worker-154: Building] INFO  o.e.m.c.i.embedder.EclipseLogger - Using 'UTF-8' encoding to copy filtered resources.
2020-11-19 14:40:37,120 [Worker-154: Building] INFO  o.e.m.c.i.embedder.EclipseLogger - skip non existing resourceDirectory C:\Users\hp\Desktop\Health Assist\HealthAssist_Patient\HealthAssist\src\test\resources
2020-11-19 14:41:24,101 [Worker-155: Building] INFO  o.e.m.c.i.embedder.EclipseLogger - Using 'UTF-8' encoding to copy filtered resources.
2020-11-19 14:41:24,102 [Worker-155: Building] INFO  o.e.m.c.i.embedder.EclipseLogger - Copying 0 resource
2020-11-19 14:41:24,104 [Worker-155: Building] INFO  o.e.m.c.i.embedder.EclipseLogger - Using 'UTF-8' encoding to copy filtered resources.
2020-11-19 14:41:24,104 [Worker-155: Building] INFO  o.e.m.c.i.embedder.EclipseLogger - skip non existing resourceDirectory C:\Users\hp\Desktop\Health Assist\HealthAssist_Patient\HealthAssist\src\test\resources
2020-11-19 14:53:18,315 [Worker-159: Building] INFO  o.e.m.c.i.embedder.EclipseLogger - Using 'UTF-8' encoding to copy filtered resources.
2020-11-19 14:53:18,318 [Worker-159: Building] INFO  o.e.m.c.i.embedder.EclipseLogger - Copying 1 resource
2020-11-19 14:53:18,321 [Worker-159: Building] INFO  o.e.m.c.i.embedder.EclipseLogger - Using 'UTF-8' encoding to copy filtered resources.
2020-11-19 14:53:18,321 [Worker-159: Building] INFO  o.e.m.c.i.embedder.EclipseLogger - skip non existing resourceDirectory C:\Users\hp\Desktop\Health Assist\HealthAssist_Patient\HealthAssist\src\test\resources
2020-11-19 14:59:52,363 [Worker-162: Building] INFO  o.e.m.c.i.embedder.EclipseLogger - Using 'UTF-8' encoding to copy filtered resources.
2020-11-19 14:59:52,365 [Worker-162: Building] INFO  o.e.m.c.i.embedder.EclipseLogger - Copying 1 resource
2020-11-19 14:59:52,366 [Worker-162: Building] INFO  o.e.m.c.i.embedder.EclipseLogger - Using 'UTF-8' encoding to copy filtered resources.
2020-11-19 14:59:52,367 [Worker-162: Building] INFO  o.e.m.c.i.embedder.EclipseLogger - skip non existing resourceDirectory C:\Users\hp\Desktop\Health Assist\HealthAssist_Patient\HealthAssist\src\test\resources
2020-11-19 15:01:44,069 [Worker-167: Building] INFO  o.e.m.c.i.embedder.EclipseLogger - Using 'UTF-8' encoding to copy filtered resources.
2020-11-19 15:01:44,071 [Worker-167: Building] INFO  o.e.m.c.i.embedder.EclipseLogger - Copying 1 resource
2020-11-19 15:01:44,074 [Worker-167: Building] INFO  o.e.m.c.i.embedder.EclipseLogger - Using 'UTF-8' encoding to copy filtered resources.
2020-11-19 15:01:44,074 [Worker-167: Building] INFO  o.e.m.c.i.embedder.EclipseLogger - skip non existing resourceDirectory C:\Users\hp\Desktop\Health Assist\HealthAssist_Patient\HealthAssist\src\test\resources
2020-11-19 15:06:02,922 [Worker-172: Building] INFO  o.e.m.c.i.embedder.EclipseLogger - Using 'UTF-8' encoding to copy filtered resources.
2020-11-19 15:06:02,924 [Worker-172: Building] INFO  o.e.m.c.i.embedder.EclipseLogger - Copying 1 resource
2020-11-19 15:06:02,925 [Worker-172: Building] INFO  o.e.m.c.i.embedder.EclipseLogger - Using 'UTF-8' encoding to copy filtered resources.
2020-11-19 15:06:02,925 [Worker-172: Building] INFO  o.e.m.c.i.embedder.EclipseLogger - skip non existing resourceDirectory C:\Users\hp\Desktop\Health Assist\HealthAssist_Patient\HealthAssist\src\test\resources
2020-11-19 15:08:30,201 [Worker-174: Building] INFO  o.e.m.c.i.embedder.EclipseLogger - Using 'UTF-8' encoding to copy filtered resources.
2020-11-19 15:08:30,203 [Worker-174: Building] INFO  o.e.m.c.i.embedder.EclipseLogger - Copying 1 resource
2020-11-19 15:08:30,207 [Worker-174: Building] INFO  o.e.m.c.i.embedder.EclipseLogger - Using 'UTF-8' encoding to copy filtered resources.
2020-11-19 15:08:30,208 [Worker-174: Building] INFO  o.e.m.c.i.embedder.EclipseLogger - skip non existing resourceDirectory C:\Users\hp\Desktop\Health Assist\HealthAssist_Patient\HealthAssist\src\test\resources
2020-11-19 15:10:14,296 [Worker-170: Building] INFO  o.e.m.c.i.embedder.EclipseLogger - Using 'UTF-8' encoding to copy filtered resources.
2020-11-19 15:10:14,297 [Worker-170: Building] INFO  o.e.m.c.i.embedder.EclipseLogger - Copying 0 resource
2020-11-19 15:10:14,299 [Worker-170: Building] INFO  o.e.m.c.i.embedder.EclipseLogger - Using 'UTF-8' encoding to copy filtered resources.
2020-11-19 15:10:14,299 [Worker-170: Building] INFO  o.e.m.c.i.embedder.EclipseLogger - skip non existing resourceDirectory C:\Users\hp\Desktop\Health Assist\HealthAssist_Patient\HealthAssist\src\test\resources
2020-11-19 15:19:54,021 [Worker-181: Building] INFO  o.e.m.c.i.embedder.EclipseLogger - Using 'UTF-8' encoding to copy filtered resources.
2020-11-19 15:19:54,023 [Worker-181: Building] INFO  o.e.m.c.i.embedder.EclipseLogger - Copying 1 resource
2020-11-19 15:19:54,025 [Worker-181: Building] INFO  o.e.m.c.i.embedder.EclipseLogger - Using 'UTF-8' encoding to copy filtered resources.
2020-11-19 15:19:54,025 [Worker-181: Building] INFO  o.e.m.c.i.embedder.EclipseLogger - skip non existing resourceDirectory C:\Users\hp\Desktop\Health Assist\HealthAssist_Patient\HealthAssist\src\test\resources
2020-11-19 15:47:24,652 [Worker-186: Launching HospitalDAOImplTest] INFO  o.e.m.c.i.embedder.EclipseLogger - Using 'UTF-8' encoding to copy filtered resources.
2020-11-19 15:47:24,652 [Worker-186: Launching HospitalDAOImplTest] INFO  o.e.m.c.i.embedder.EclipseLogger - Copying 0 resource
2020-11-19 15:47:24,654 [Worker-186: Launching HospitalDAOImplTest] INFO  o.e.m.c.i.embedder.EclipseLogger - Using 'UTF-8' encoding to copy filtered resources.
2020-11-19 15:47:24,654 [Worker-186: Launching HospitalDAOImplTest] INFO  o.e.m.c.i.embedder.EclipseLogger - skip non existing resourceDirectory C:\Users\hp\Desktop\Health Assist\HealthAssist_Patient\HealthAssist\src\test\resources
2020-11-19 15:50:04,862 [Worker-197: Building] INFO  o.e.m.c.i.embedder.EclipseLogger - Using 'UTF-8' encoding to copy filtered resources.
2020-11-19 15:50:04,864 [Worker-197: Building] INFO  o.e.m.c.i.embedder.EclipseLogger - Copying 0 resource
2020-11-19 15:50:04,867 [Worker-197: Building] INFO  o.e.m.c.i.embedder.EclipseLogger - Using 'UTF-8' encoding to copy filtered resources.
2020-11-19 15:50:04,867 [Worker-197: Building] INFO  o.e.m.c.i.embedder.EclipseLogger - skip non existing resourceDirectory C:\Users\hp\Desktop\Health Assist\HealthAssist_Patient\HealthAssist\src\test\resources
2020-11-19 15:58:23,886 [Worker-202: Building] INFO  o.e.m.c.i.embedder.EclipseLogger - Using 'UTF-8' encoding to copy filtered resources.
2020-11-19 15:58:23,887 [Worker-202: Building] INFO  o.e.m.c.i.embedder.EclipseLogger - Copying 1 resource
2020-11-19 15:58:23,889 [Worker-202: Building] INFO  o.e.m.c.i.embedder.EclipseLogger - Using 'UTF-8' encoding to copy filtered resources.
2020-11-19 15:58:23,889 [Worker-202: Building] INFO  o.e.m.c.i.embedder.EclipseLogger - skip non existing resourceDirectory C:\Users\hp\Desktop\Health Assist\HealthAssist_Patient\HealthAssist\src\test\resources
2020-11-19 16:17:53,098 [Worker-211: Building] INFO  o.e.m.c.i.embedder.EclipseLogger - Using 'UTF-8' encoding to copy filtered resources.
2020-11-19 16:17:53,099 [Worker-211: Building] INFO  o.e.m.c.i.embedder.EclipseLogger - Copying 1 resource
2020-11-19 16:17:53,101 [Worker-211: Building] INFO  o.e.m.c.i.embedder.EclipseLogger - Using 'UTF-8' encoding to copy filtered resources.
2020-11-19 16:17:53,102 [Worker-211: Building] INFO  o.e.m.c.i.embedder.EclipseLogger - skip non existing resourceDirectory C:\Users\hp\Desktop\Health Assist\HealthAssist_Patient\HealthAssist\src\test\resources
2020-11-19 16:41:10,169 [Worker-219: Launching HospitalDAOImplTest] INFO  o.e.m.c.i.embedder.EclipseLogger - Using 'UTF-8' encoding to copy filtered resources.
2020-11-19 16:41:10,170 [Worker-219: Launching HospitalDAOImplTest] INFO  o.e.m.c.i.embedder.EclipseLogger - Copying 0 resource
2020-11-19 16:41:10,172 [Worker-219: Launching HospitalDAOImplTest] INFO  o.e.m.c.i.embedder.EclipseLogger - Using 'UTF-8' encoding to copy filtered resources.
2020-11-19 16:41:10,172 [Worker-219: Launching HospitalDAOImplTest] INFO  o.e.m.c.i.embedder.EclipseLogger - skip non existing resourceDirectory C:\Users\hp\Desktop\Health Assist\HealthAssist_Patient\HealthAssist\src\test\resources
2020-11-19 16:42:38,739 [Worker-220: Launching HospitalDAOImplTest] INFO  o.e.m.c.i.embedder.EclipseLogger - Using 'UTF-8' encoding to copy filtered resources.
2020-11-19 16:42:38,739 [Worker-220: Launching HospitalDAOImplTest] INFO  o.e.m.c.i.embedder.EclipseLogger - Copying 0 resource
2020-11-19 16:42:38,740 [Worker-220: Launching HospitalDAOImplTest] INFO  o.e.m.c.i.embedder.EclipseLogger - Using 'UTF-8' encoding to copy filtered resources.
2020-11-19 16:42:38,740 [Worker-220: Launching HospitalDAOImplTest] INFO  o.e.m.c.i.embedder.EclipseLogger - skip non existing resourceDirectory C:\Users\hp\Desktop\Health Assist\HealthAssist_Patient\HealthAssist\src\test\resources
2020-11-19 17:03:28,826 [Worker-227: Launching HospitalDAOImplTest] INFO  o.e.m.c.i.embedder.EclipseLogger - Using 'UTF-8' encoding to copy filtered resources.
2020-11-19 17:03:28,827 [Worker-227: Launching HospitalDAOImplTest] INFO  o.e.m.c.i.embedder.EclipseLogger - Copying 1 resource
2020-11-19 17:03:28,829 [Worker-227: Launching HospitalDAOImplTest] INFO  o.e.m.c.i.embedder.EclipseLogger - Using 'UTF-8' encoding to copy filtered resources.
2020-11-19 17:03:28,829 [Worker-227: Launching HospitalDAOImplTest] INFO  o.e.m.c.i.embedder.EclipseLogger - skip non existing resourceDirectory C:\Users\hp\Desktop\Health Assist\HealthAssist_Patient\HealthAssist\src\test\resources
2020-11-19 21:53:29,592 [Worker-288: Building] INFO  o.e.m.c.i.embedder.EclipseLogger - Using 'UTF-8' encoding to copy filtered resources.
2020-11-19 21:53:29,595 [Worker-288: Building] INFO  o.e.m.c.i.embedder.EclipseLogger - Copying 1 resource
2020-11-19 21:53:29,598 [Worker-288: Building] INFO  o.e.m.c.i.embedder.EclipseLogger - Using 'UTF-8' encoding to copy filtered resources.
2020-11-19 21:53:29,598 [Worker-288: Building] INFO  o.e.m.c.i.embedder.EclipseLogger - skip non existing resourceDirectory C:\Users\hp\Desktop\Health Assist\HealthAssist_Patient\HealthAssist\src\test\resources
2020-11-19 21:57:42,875 [Worker-282: Building] INFO  o.e.m.c.i.embedder.EclipseLogger - Using 'UTF-8' encoding to copy filtered resources.
2020-11-19 21:57:42,877 [Worker-282: Building] INFO  o.e.m.c.i.embedder.EclipseLogger - Copying 1 resource
2020-11-19 21:57:42,879 [Worker-282: Building] INFO  o.e.m.c.i.embedder.EclipseLogger - Using 'UTF-8' encoding to copy filtered resources.
2020-11-19 21:57:42,880 [Worker-282: Building] INFO  o.e.m.c.i.embedder.EclipseLogger - skip non existing resourceDirectory C:\Users\hp\Desktop\Health Assist\HealthAssist_Patient\HealthAssist\src\test\resources
2020-11-19 22:42:17,452 [Worker-293: Building] INFO  o.e.m.c.i.embedder.EclipseLogger - Using 'UTF-8' encoding to copy filtered resources.
2020-11-19 22:42:17,454 [Worker-293: Building] INFO  o.e.m.c.i.embedder.EclipseLogger - Copying 0 resource
2020-11-19 22:42:17,456 [Worker-293: Building] INFO  o.e.m.c.i.embedder.EclipseLogger - Using 'UTF-8' encoding to copy filtered resources.
2020-11-19 22:42:17,457 [Worker-293: Building] INFO  o.e.m.c.i.embedder.EclipseLogger - skip non existing resourceDirectory C:\Users\hp\Desktop\Health Assist\HealthAssist_Patient\HealthAssist\src\test\resources
2020-11-19 22:43:56,114 [Worker-301: Building] INFO  o.e.m.c.i.embedder.EclipseLogger - Using 'UTF-8' encoding to copy filtered resources.
2020-11-19 22:43:56,115 [Worker-301: Building] INFO  o.e.m.c.i.embedder.EclipseLogger - Copying 0 resource
2020-11-19 22:43:56,116 [Worker-301: Building] INFO  o.e.m.c.i.embedder.EclipseLogger - Using 'UTF-8' encoding to copy filtered resources.
2020-11-19 22:43:56,116 [Worker-301: Building] INFO  o.e.m.c.i.embedder.EclipseLogger - skip non existing resourceDirectory C:\Users\hp\Desktop\Health Assist\HealthAssist_Patient\HealthAssist\src\test\resources
2020-11-19 22:48:58,731 [Worker-302: Launching HospitalDAOImplTest] INFO  o.e.m.c.i.embedder.EclipseLogger - Using 'UTF-8' encoding to copy filtered resources.
2020-11-19 22:48:58,733 [Worker-302: Launching HospitalDAOImplTest] INFO  o.e.m.c.i.embedder.EclipseLogger - Copying 1 resource
2020-11-19 22:48:58,734 [Worker-302: Launching HospitalDAOImplTest] INFO  o.e.m.c.i.embedder.EclipseLogger - Using 'UTF-8' encoding to copy filtered resources.
2020-11-19 22:48:58,735 [Worker-302: Launching HospitalDAOImplTest] INFO  o.e.m.c.i.embedder.EclipseLogger - skip non existing resourceDirectory C:\Users\hp\Desktop\Health Assist\HealthAssist_Patient\HealthAssist\src\test\resources
2020-11-19 23:00:25,421 [Worker-310: Launching HospitalDAOImplTest] INFO  o.e.m.c.i.embedder.EclipseLogger - Using 'UTF-8' encoding to copy filtered resources.
2020-11-19 23:00:25,422 [Worker-310: Launching HospitalDAOImplTest] INFO  o.e.m.c.i.embedder.EclipseLogger - Copying 1 resource
2020-11-19 23:00:25,424 [Worker-310: Launching HospitalDAOImplTest] INFO  o.e.m.c.i.embedder.EclipseLogger - Using 'UTF-8' encoding to copy filtered resources.
2020-11-19 23:00:25,424 [Worker-310: Launching HospitalDAOImplTest] INFO  o.e.m.c.i.embedder.EclipseLogger - skip non existing resourceDirectory C:\Users\hp\Desktop\Health Assist\HealthAssist_Patient\HealthAssist\src\test\resources
2020-11-19 23:19:50,723 [Worker-312: Launching HospitalDAOImplTest] INFO  o.e.m.c.i.embedder.EclipseLogger - Using 'UTF-8' encoding to copy filtered resources.
2020-11-19 23:19:50,724 [Worker-312: Launching HospitalDAOImplTest] INFO  o.e.m.c.i.embedder.EclipseLogger - Copying 1 resource
2020-11-19 23:19:50,726 [Worker-312: Launching HospitalDAOImplTest] INFO  o.e.m.c.i.embedder.EclipseLogger - Using 'UTF-8' encoding to copy filtered resources.
2020-11-19 23:19:50,726 [Worker-312: Launching HospitalDAOImplTest] INFO  o.e.m.c.i.embedder.EclipseLogger - skip non existing resourceDirectory C:\Users\hp\Desktop\Health Assist\HealthAssist_Patient\HealthAssist\src\test\resources
